<?xml version="1.0" encoding="UTF-8"?>
<!-- Generated by org.testng.reporters.JUnitXMLReporter -->
<testsuite ignored="0" hostname="Asus-Vivobook14" failures="1" tests="1" name="Test" time="136.14" errors="0" timestamp="2023-01-20T15:12:16 IST">
  <testcase classname="org.automation.SignIn_Page_001Test" name="signin" time="0.458">
    <failure type="java.lang.AssertionError" message="you or on KalkiFashion Homepage expected [expectedTitle] but found [Buy Traditional Indian Clothing and Ethnic Wear for Women and Men - KALKI Fashion]">
      <![CDATA[java.lang.AssertionError: you or on KalkiFashion Homepage expected [expectedTitle] but found [Buy Traditional Indian Clothing and Ethnic Wear for Women and Men - KALKI Fashion]
at org.automation.SignIn_Page_001Test.signin(SignIn_Page_001Test.java:18)
at java.base/java.util.ArrayList.forEach(ArrayList.java:1511)
... Removed 30 stack frames]]>
    </failure>
  </testcase> <!-- signin -->
</testsuite> <!-- Test -->
