<?xml version="1.0" encoding="UTF-8"?>
<!-- Generated by org.testng.reporters.JUnitReportReporter -->
<testsuite hostname="Asus-Vivobook14" failures="0" tests="1" name="KidsModule.org.automation.SignIn_Page.TC_Kalki_AddToCart_081Test" time="8.660" errors="1" timestamp="2023-01-22T23:33:07 IST" skipped="0">
  <testcase classname="KidsModule.org.automation.SignIn_Page.TC_Kalki_AddToCart_081Test" name="clickOnimageDescription" time="8.660">
    <error message="element click intercepted: Element &lt;div x-html=&quot;getSwatchText(219, item.id)&quot; class=&quot;whitespace-nowrap text-sm leading-18 font-normal&quot; :class=&quot;{ &#039;sr-only&#039; : !isTextSwatch(219, item.id) }&quot;&gt;...&lt;/div&gt; is not clickable at point (1034, 582). Other element would receive the click: &lt;iframe id=&quot;vwo-survey-frame&quot; src=&quot;https://dev.visualwebsiteoptimizer.com/static/1.0/survey/survey-43e9510a831484b3a0627af386dad3ed.html#accountId=200482&amp;amp;id=218203&amp;amp;v=2&amp;amp;uuid=D9DFC78F2F09687009E9364317CE14386&amp;amp;theme=styles/themes/light-1975c1b85dd0e3c2ab714e934485e6dc.css&amp;amp;hideLogo=0&amp;amp;customLogo=0&amp;amp;url=https%3A%2F%2Fwww.kalkifashion.com%2Fclassic-green-jaipuri-kurta-with-lace-and-gotta-patti-work-sg105132.html&amp;amp;cQId=716032&amp;amp;rexps=%7B%2282%22%3A%221%22%7D&amp;amp;logo=images/vwo_l@2x-a96dae9128741ea69a55e31e66ee3c19.png&amp;amp;r=0.24926663027324203&quot; title=&quot;VWO Survey&quot;&gt;&lt;/iframe&gt;
  (Session info: chrome=109.0.5414.75)
Build info: version: &#039;3.141.59&#039;, revision: &#039;e82be7d358&#039;, time: &#039;2018-11-14T08:25:53&#039;
System info: host: &#039;ASUS-VIVOBOOK14&#039;, ip: &#039;192.168.1.103&#039;, os.name: &#039;Windows 11&#039;, os.arch: &#039;amd64&#039;, os.version: &#039;10.0&#039;, java.version: &#039;18.0.1.1&#039;
Driver info: org.openqa.selenium.chrome.ChromeDriver
Capabilities {acceptInsecureCerts: false, browserName: chrome, browserVersion: 109.0.5414.75, chrome: {chromedriverVersion: 108.0.5359.71 (1e0e3868ee06..., userDataDir: C:\Users\sharm\AppData\Loca...}, goog:chromeOptions: {debuggerAddress: localhost:64584}, javascriptEnabled: true, networkConnectionEnabled: false, pageLoadStrategy: normal, platform: WINDOWS, platformName: WINDOWS, proxy: Proxy(), setWindowRect: true, strictFileInteractability: false, timeouts: {implicit: 0, pageLoad: 300000, script: 30000}, unhandledPromptBehavior: dismiss and notify, webauthn:extension:credBlob: true, webauthn:extension:largeBlob: true, webauthn:virtualAuthenticators: true}
Session ID: 96f5bf0d08414fc33d4c1e87e36f9eba" type="org.openqa.selenium.ElementClickInterceptedException">
      <![CDATA[org.openqa.selenium.ElementClickInterceptedException: element click intercepted: Element <div x-html="getSwatchText(219, item.id)" class="whitespace-nowrap text-sm leading-18 font-normal" :class="{ 'sr-only' : !isTextSwatch(219, item.id) }">...</div> is not clickable at point (1034, 582). Other element would receive the click: <iframe id="vwo-survey-frame" src="https://dev.visualwebsiteoptimizer.com/static/1.0/survey/survey-43e9510a831484b3a0627af386dad3ed.html#accountId=200482&amp;id=218203&amp;v=2&amp;uuid=D9DFC78F2F09687009E9364317CE14386&amp;theme=styles/themes/light-1975c1b85dd0e3c2ab714e934485e6dc.css&amp;hideLogo=0&amp;customLogo=0&amp;url=https%3A%2F%2Fwww.kalkifashion.com%2Fclassic-green-jaipuri-kurta-with-lace-and-gotta-patti-work-sg105132.html&amp;cQId=716032&amp;rexps=%7B%2282%22%3A%221%22%7D&amp;logo=images/vwo_l@2x-a96dae9128741ea69a55e31e66ee3c19.png&amp;r=0.24926663027324203" title="VWO Survey"></iframe>
  (Session info: chrome=109.0.5414.75)
Build info: version: '3.141.59', revision: 'e82be7d358', time: '2018-11-14T08:25:53'
System info: host: 'ASUS-VIVOBOOK14', ip: '192.168.1.103', os.name: 'Windows 11', os.arch: 'amd64', os.version: '10.0', java.version: '18.0.1.1'
Driver info: org.openqa.selenium.chrome.ChromeDriver
Capabilities {acceptInsecureCerts: false, browserName: chrome, browserVersion: 109.0.5414.75, chrome: {chromedriverVersion: 108.0.5359.71 (1e0e3868ee06..., userDataDir: C:\Users\sharm\AppData\Loca...}, goog:chromeOptions: {debuggerAddress: localhost:64584}, javascriptEnabled: true, networkConnectionEnabled: false, pageLoadStrategy: normal, platform: WINDOWS, platformName: WINDOWS, proxy: Proxy(), setWindowRect: true, strictFileInteractability: false, timeouts: {implicit: 0, pageLoad: 300000, script: 30000}, unhandledPromptBehavior: dismiss and notify, webauthn:extension:credBlob: true, webauthn:extension:largeBlob: true, webauthn:virtualAuthenticators: true}
Session ID: 96f5bf0d08414fc33d4c1e87e36f9eba
at java.base/jdk.internal.reflect.DirectConstructorHandleAccessor.newInstance(DirectConstructorHandleAccessor.java:67)
at java.base/java.lang.reflect.Constructor.newInstanceWithCaller(Constructor.java:499)
at java.base/java.lang.reflect.Constructor.newInstance(Constructor.java:483)
at org.openqa.selenium.remote.http.W3CHttpResponseCodec.createException(W3CHttpResponseCodec.java:187)
at org.openqa.selenium.remote.http.W3CHttpResponseCodec.decode(W3CHttpResponseCodec.java:122)
at org.openqa.selenium.remote.http.W3CHttpResponseCodec.decode(W3CHttpResponseCodec.java:49)
at org.openqa.selenium.remote.HttpCommandExecutor.execute(HttpCommandExecutor.java:158)
at org.openqa.selenium.remote.service.DriverCommandExecutor.execute(DriverCommandExecutor.java:83)
at org.openqa.selenium.remote.RemoteWebDriver.execute(RemoteWebDriver.java:552)
at org.openqa.selenium.remote.RemoteWebElement.execute(RemoteWebElement.java:285)
at org.openqa.selenium.remote.RemoteWebElement.click(RemoteWebElement.java:84)
at java.base/jdk.internal.reflect.DirectMethodHandleAccessor.invoke(DirectMethodHandleAccessor.java:104)
at java.base/java.lang.reflect.Method.invoke(Method.java:577)
at org.openqa.selenium.support.pagefactory.internal.LocatingElementHandler.invoke(LocatingElementHandler.java:51)
at jdk.proxy2/jdk.proxy2.$Proxy14.click(Unknown Source)
at KidsModule.org.automation.SignIn_Page.TC_Kalki_AddToCart_081Test.clickOnimageDescription(TC_Kalki_AddToCart_081Test.java:41)
at java.base/jdk.internal.reflect.DirectMethodHandleAccessor.invoke(DirectMethodHandleAccessor.java:104)
at java.base/java.lang.reflect.Method.invoke(Method.java:577)
at org.testng.internal.MethodInvocationHelper.invokeMethod(MethodInvocationHelper.java:132)
at org.testng.internal.TestInvoker.invokeMethod(TestInvoker.java:599)
at org.testng.internal.TestInvoker.invokeTestMethod(TestInvoker.java:174)
at org.testng.internal.MethodRunner.runInSequence(MethodRunner.java:46)
at org.testng.internal.TestInvoker$MethodInvocationAgent.invoke(TestInvoker.java:822)
at org.testng.internal.TestInvoker.invokeTestMethods(TestInvoker.java:147)
at org.testng.internal.TestMethodWorker.invokeTestMethods(TestMethodWorker.java:146)
at org.testng.internal.TestMethodWorker.run(TestMethodWorker.java:128)
at java.base/java.util.ArrayList.forEach(ArrayList.java:1511)
at org.testng.TestRunner.privateRun(TestRunner.java:764)
at org.testng.TestRunner.run(TestRunner.java:585)
at org.testng.SuiteRunner.runTest(SuiteRunner.java:384)
at org.testng.SuiteRunner.runSequentially(SuiteRunner.java:378)
at org.testng.SuiteRunner.privateRun(SuiteRunner.java:337)
at org.testng.SuiteRunner.run(SuiteRunner.java:286)
at org.testng.SuiteRunnerWorker.runSuite(SuiteRunnerWorker.java:53)
at org.testng.SuiteRunnerWorker.run(SuiteRunnerWorker.java:96)
at org.testng.TestNG.runSuitesSequentially(TestNG.java:1218)
at org.testng.TestNG.runSuitesLocally(TestNG.java:1140)
at org.testng.TestNG.runSuites(TestNG.java:1069)
at org.testng.TestNG.run(TestNG.java:1037)
at org.testng.remote.AbstractRemoteTestNG.run(AbstractRemoteTestNG.java:115)
at org.testng.remote.RemoteTestNG.initAndRun(RemoteTestNG.java:251)
at org.testng.remote.RemoteTestNG.main(RemoteTestNG.java:77)
]]>
    </error>
  </testcase> <!-- clickOnimageDescription -->
  <system-out/>
</testsuite> <!-- KidsModule.org.automation.SignIn_Page.TC_Kalki_AddToCart_081Test -->
